[ERROR] 2024/12/08 22:07:09 main.go:22: 加载配置失败: 已创建示例配置文件 config\config.json，请填写实际的配置信息
[INFO] 2024/12/08 22:08:57 integration.go:11: 开始运行集成示例...
[DEBUG] 2024/12/08 22:08:57 integration.go:15: 已创建 Notion 客户端
[INFO] 2024/12/08 22:08:57 integration.go:18: 正在获取数据库...
[INFO] 2024/12/08 22:08:59 integration.go:25: 数据库 ID: 
[INFO] 2024/12/08 22:08:59 integration.go:31: 正在查询数据库...
[INFO] 2024/12/08 22:09:00 integration.go:42: 查询到 0 条记录
[INFO] 2024/12/08 22:09:00 integration.go:45: 正在创建页面...
[INFO] 2024/12/08 22:09:00 integration.go:75: 创建的页面 ID: 
[DEBUG] 2024/12/08 22:09:00 integration.go:76: 页面属性: map[]
[INFO] 2024/12/08 22:09:00 integration.go:79: 正在更新页面...
[INFO] 2024/12/08 22:09:01 integration.go:105: 页面已更新: 
[INFO] 2024/12/08 22:09:01 integration.go:106: 集成示例运行完成
[INFO] 2024/12/08 22:14:22 reader.go:13: 开始运行数据库读取示例...
[DEBUG] 2024/12/08 22:14:22 reader.go:17: 已创建 Notion 客户端
[INFO] 2024/12/08 22:14:22 reader.go:20: 正在获取数据库信息...
[INFO] 2024/12/08 22:14:24 reader.go:28: 数据库基本信息:
[INFO] 2024/12/08 22:14:24 reader.go:29: - ID: 
[INFO] 2024/12/08 22:14:24 reader.go:30: - 创建时间: 
[INFO] 2024/12/08 22:14:24 reader.go:31: - 最后编辑时间: 
[INFO] 2024/12/08 22:14:24 reader.go:32: - 创建者:  ()
[INFO] 2024/12/08 22:14:24 reader.go:33: - URL: 
[INFO] 2024/12/08 22:14:24 reader.go:45: 
数据库属性:
[INFO] 2024/12/08 22:14:24 reader.go:52: 
正在查询数据库内容...
[INFO] 2024/12/08 22:14:24 reader.go:64: 
数据库记录 (共 0 条):
[INFO] 2024/12/08 22:14:24 reader.go:82: 
数据库读取示例运行完成
[INFO] 2024/12/08 22:14:36 reader.go:87: 开始运行页面读取示例...
[DEBUG] 2024/12/08 22:14:36 reader.go:91: 已创建 Notion 客户端
[INFO] 2024/12/08 22:14:36 reader.go:94: 正在获取页面信息...
[INFO] 2024/12/08 22:14:37 reader.go:102: 
页面基本信息:
[INFO] 2024/12/08 22:14:37 reader.go:103: - ID: 
[INFO] 2024/12/08 22:14:37 reader.go:104: - 创建时间: 
[INFO] 2024/12/08 22:14:37 reader.go:105: - 最后编辑时间: 
[INFO] 2024/12/08 22:14:37 reader.go:106: - 创建者:  ()
[INFO] 2024/12/08 22:14:37 reader.go:107: - URL: 
[INFO] 2024/12/08 22:14:37 reader.go:110: 
页面属性:
[INFO] 2024/12/08 22:14:37 reader.go:117: 
正在获取页面内容...
[INFO] 2024/12/08 22:14:38 reader.go:127: 
页面内容 (共 0 个块):
[INFO] 2024/12/08 22:14:38 reader.go:210: 
页面读取示例运行完成
[INFO] 2024/12/08 22:14:54 reader.go:13: 开始运行数据库读取示例...
[DEBUG] 2024/12/08 22:14:54 reader.go:17: 已创建 Notion 客户端
[INFO] 2024/12/08 22:14:54 reader.go:20: 正在获取数据库信息...
[INFO] 2024/12/08 22:14:55 reader.go:28: 数据库基本信息:
[INFO] 2024/12/08 22:14:55 reader.go:29: - ID: 
[INFO] 2024/12/08 22:14:55 reader.go:30: - 创建时间: 
[INFO] 2024/12/08 22:14:55 reader.go:31: - 最后编辑时间: 
[INFO] 2024/12/08 22:14:55 reader.go:32: - 创建者:  ()
[INFO] 2024/12/08 22:14:55 reader.go:33: - URL: 
[INFO] 2024/12/08 22:14:55 reader.go:45: 
数据库属性:
[INFO] 2024/12/08 22:14:55 reader.go:52: 
正在查询数据库内容...
[INFO] 2024/12/08 22:14:55 reader.go:64: 
数据库记录 (共 0 条):
[INFO] 2024/12/08 22:14:55 reader.go:82: 
数据库读取示例运行完成
[INFO] 2024/12/08 22:15:29 reader.go:87: 开始运行页面读取示例...
[DEBUG] 2024/12/08 22:15:29 reader.go:91: 已创建 Notion 客户端
[INFO] 2024/12/08 22:15:29 reader.go:94: 正在获取页面信息...
[INFO] 2024/12/08 22:15:30 reader.go:102: 
页面基本信息:
[INFO] 2024/12/08 22:15:30 reader.go:103: - ID: 
[INFO] 2024/12/08 22:15:30 reader.go:104: - 创建时间: 
[INFO] 2024/12/08 22:15:30 reader.go:105: - 最后编辑时间: 
[INFO] 2024/12/08 22:15:30 reader.go:106: - 创建者:  ()
[INFO] 2024/12/08 22:15:30 reader.go:107: - URL: 
[INFO] 2024/12/08 22:15:30 reader.go:110: 
页面属性:
[INFO] 2024/12/08 22:15:30 reader.go:117: 
正在获取页面内容...
[INFO] 2024/12/08 22:15:31 reader.go:127: 
页面内容 (共 0 个块):
[INFO] 2024/12/08 22:15:31 reader.go:210: 
页面读取示例运行完成
[INFO] 2024/12/08 22:17:09 main.go:27: 请指定要运行的示例：
[INFO] 2024/12/08 22:17:10 main.go:28:   integration  - 运行集成示例
[INFO] 2024/12/08 22:17:10 main.go:29:   project      - 运行项目管理示例
[INFO] 2024/12/08 22:17:10 main.go:30:   knowledge    - 运行知识库示例
[INFO] 2024/12/08 22:17:10 main.go:31:   task         - 运行任务管理示例
[INFO] 2024/12/08 22:17:10 main.go:32:   database     - 读取数据库示例
[INFO] 2024/12/08 22:17:11 main.go:33:   page         - 读取页面示例
[INFO] 2024/12/08 22:19:29 reader.go:13: 开始运行数据库读取示例...
[DEBUG] 2024/12/08 22:19:51 reader.go:17: 已创建 Notion 客户端
[INFO] 2024/12/08 22:19:52 reader.go:20: 正在获取数据库信息...
[INFO] 2024/12/08 22:20:49 reader.go:13: 开始运行数据库读取示例...
[DEBUG] 2024/12/08 22:20:52 reader.go:17: 已创建 Notion 客户端
[INFO] 2024/12/08 22:20:52 reader.go:20: 正在获取数据库信息...
[INFO] 2024/12/08 22:20:56 reader.go:28: 数据库基本信息:
[INFO] 2024/12/08 22:20:56 reader.go:29: - ID: 
[INFO] 2024/12/08 22:20:56 reader.go:30: - 创建时间: 
[INFO] 2024/12/08 22:20:56 reader.go:31: - 最后编辑时间: 
[INFO] 2024/12/08 22:20:56 reader.go:32: - 创建者:  ()
[INFO] 2024/12/08 22:20:56 reader.go:33: - URL: 
[INFO] 2024/12/08 22:20:56 reader.go:45: 
数据库属性:
[INFO] 2024/12/08 22:20:56 reader.go:52: 
正在查询数据库内容...
[INFO] 2024/12/08 22:20:56 reader.go:64: 
数据库记录 (共 0 条):
[INFO] 2024/12/08 22:20:56 reader.go:82: 
数据库读取示例运行完成
[INFO] 2024/12/08 22:21:09 reader.go:13: 开始运行数据库读取示例...
[DEBUG] 2024/12/08 22:21:09 reader.go:17: 已创建 Notion 客户端
[INFO] 2024/12/08 22:21:09 reader.go:20: 正在获取数据库信息...
[INFO] 2024/12/08 22:23:48 reader.go:13: 开始运行数据库读取示例...
[DEBUG] 2024/12/08 22:23:48 reader.go:17: 已创建 Notion 客户端
[INFO] 2024/12/08 22:23:48 reader.go:20: 正在获取数据库信息...
[INFO] 2024/12/08 22:27:44 reader.go:13: 开始运行数据库读取示例...
[DEBUG] 2024/12/08 22:27:44 reader.go:27: 已创建 Notion 客户端
[INFO] 2024/12/08 22:27:44 reader.go:30: 正在获取数据库信息...
[DEBUG] 2024/12/08 22:27:44 reader.go:31: 数据库 ID: 14acc4eb33a24554a9224b2eafb61140
[INFO] 2024/12/08 22:27:45 reader.go:39: 数据库基本信息:
[INFO] 2024/12/08 22:27:45 reader.go:40: - ID: 14acc4eb-33a2-4554-a922-4b2eafb61140
[INFO] 2024/12/08 22:27:45 reader.go:41: - 创建时间: 2023-05-05T16:02:00.000Z
[INFO] 2024/12/08 22:27:45 reader.go:42: - 最后编辑时间: 2024-12-08T11:15:00.000Z
[INFO] 2024/12/08 22:27:45 reader.go:43: - 创建者:  (163b2889-45fb-44ca-9a0d-6de2c1d90d17)
[INFO] 2024/12/08 22:27:45 reader.go:44: - URL: https://www.notion.so/14acc4eb33a24554a9224b2eafb61140
[INFO] 2024/12/08 22:27:45 reader.go:52: - 标题: ykiko.top
[INFO] 2024/12/08 22:27:45 reader.go:56: 
数据库属性:
[INFO] 2024/12/08 22:27:45 reader.go:59: - author: {
    "id": "AEpt",
    "type": "people",
    "name": "author",
    "people": {}
  }
[INFO] 2024/12/08 22:27:45 reader.go:59: - categories: {
    "id": "FzFo",
    "type": "multi_select",
    "name": "categories",
    "multi_select": {
      "options": [
        {
          "name": "基础原理",
          "color": "orange"
        },
        {
          "name": "安全开发",
          "color": "brown"
        },
        {
          "name": "车联网安全",
          "color": "blue"
        },
        {
          "name": "密码学",
          "color": "gray"
        },
        {
          "name": "读书笔记",
          "color": "green"
        },
        {
          "name": "移动安全",
          "color": "yellow"
        },
        {
          "name": "杂项",
          "color": "pink"
        },
        {
          "name": "二进制安全",
          "color": "default"
        },
        {
          "name": "IoT安全",
          "color": "purple"
        },
        {
          "name": "工具",
          "color": "red"
        },
        {
          "name": "Fuzzing",
          "color": "default"
        },
        {
          "name": "AI",
          "color": "gray"
        }
      ]
    }
  }
[INFO] 2024/12/08 22:27:45 reader.go:59: - description: {
    "id": "hp%3B%5D",
    "type": "rich_text",
    "name": "description",
    "rich_text": {}
  }
[INFO] 2024/12/08 22:27:45 reader.go:59: - tags: {
    "id": "pF%3Bz",
    "type": "multi_select",
    "name": "tags",
    "multi_select": {
      "options": [
        {
          "name": "密码学",
          "color": "red"
        },
        {
          "name": "Crypto",
          "color": "default"
        },
        {
          "name": "CVE",
          "color": "pink"
        },
        {
          "name": "Android",
          "color": "brown"
        },
        {
          "name": "读书笔记",
          "color": "blue"
        },
        {
          "name": "Hook",
          "color": "green"
        },
        {
          "name": "杂项",
          "color": "orange"
        },
        {
          "name": "PWN",
          "color": "yellow"
        },
        {
          "name": "原理",
          "color": "yellow"
        },
        {
          "name": "基础",
          "color": "gray"
        },
        {
          "name": "UAF",
          "color": "yellow"
        },
        {
          "name": "OOB",
          "color": "default"
        },
        {
          "name": "ASM",
          "color": "purple"
        },
        {
          "name": "jemalloc",
          "color": "pink"
        },
        {
          "name": "ARM",
          "color": "blue"
        },
        {
          "name": "AFL",
          "color": "default"
        },
        {
          "name": "Fuzzing",
          "color": "orange"
        },
        {
          "name": "IDA",
          "color": "brown"
        },
        {
          "name": "Java",
          "color": "default"
        },
        {
          "name": "工具",
          "color": "green"
        },
        {
          "name": "虚拟机",
          "color": "gray"
        },
        {
          "name": "OLLVM",
          "color": "default"
        },
        {
          "name": "逆向",
          "color": "green"
        },
        {
          "name": "AI",
          "color": "orange"
        },
        {
          "name": "pytorch",
          "color": "blue"
        },
        {
          "name": "GDB",
          "color": "red"
        },
        {
          "name": "qemu",
          "color": "purple"
        },
        {
          "name": "Linux",
          "color": "green"
        },
        {
          "name": "r2",
          "color": "green"
        },
        {
          "name": "RaspberryPI",
          "color": "yellow"
        },
        {
          "name": "ROP",
          "color": "default"
        },
        {
          "name": "Syzkaller",
          "color": "red"
        },
        {
          "name": "Unicorn",
          "color": "purple"
        },
        {
          "name": "WSL2",
          "color": "red"
        },
        {
          "name": "KVM",
          "color": "brown"
        },
        {
          "name": "编译原理",
          "color": "brown"
        },
        {
          "name": "Windows",
          "color": "gray"
        },
        {
          "name": "调试",
          "color": "orange"
        },
        {
          "name": "hugo",
          "color": "yellow"
        },
        {
          "name": "notion",
          "color": "purple"
        },
        {
          "name": "总结",
          "color": "orange"
        },
        {
          "name": "Unidbg",
          "color": "brown"
        },
        {
          "name": "软路由",
          "color": "red"
        }
      ]
    }
  }
[INFO] 2024/12/08 22:27:45 reader.go:59: - date: {
    "id": "rCTY",
    "type": "date",
    "name": "date",
    "date": {}
  }
[INFO] 2024/12/08 22:27:45 reader.go:59: - draft: {
    "id": "wwVt",
    "type": "checkbox",
    "name": "draft",
    "checkbox": {}
  }
[INFO] 2024/12/08 22:27:45 reader.go:59: - title: {
    "id": "title",
    "type": "title",
    "name": "title",
    "title": {}
  }
[INFO] 2024/12/08 22:27:45 reader.go:63: 
正在查询数据库内容...
[INFO] 2024/12/08 22:27:47 reader.go:77: 
数据库记录 (共 56 条):
[INFO] 2024/12/08 22:27:47 reader.go:95: 
数据库读取示例运行完成
[INFO] 2024/12/08 22:28:11 reader.go:100: 开始运行页面读取示例...
[DEBUG] 2024/12/08 22:28:11 reader.go:104: 已创建 Notion 客户端
[INFO] 2024/12/08 22:28:11 reader.go:107: 正在获取页面信息...
[INFO] 2024/12/08 22:28:12 reader.go:115: 
页面基本信息:
[INFO] 2024/12/08 22:28:12 reader.go:116: - ID: 9a92d669-7251-4c3f-8a34-98b745978d4c
[INFO] 2024/12/08 22:28:12 reader.go:117: - 创建时间: 2021-11-06T16:46:00.000Z
[INFO] 2024/12/08 22:28:12 reader.go:118: - 最后编辑时间: 2023-05-10T17:14:00.000Z
[INFO] 2024/12/08 22:28:12 reader.go:119: - 创建者:  (163b2889-45fb-44ca-9a0d-6de2c1d90d17)
[INFO] 2024/12/08 22:28:12 reader.go:120: - URL: https://www.notion.so/TestAAAA-9a92d66972514c3f8a3498b745978d4c
[INFO] 2024/12/08 22:28:12 reader.go:123: 
页面属性:
[INFO] 2024/12/08 22:28:12 reader.go:126: - Date: {
    "date": {
      "end": null,
      "start": "2022-05-19",
      "time_zone": null
    },
    "id": "%7BLTT",
    "type": "date"
  }
[INFO] 2024/12/08 22:28:12 reader.go:126: - Relation: {
    "has_more": false,
    "id": "~gbI",
    "relation": [],
    "type": "relation"
  }
[INFO] 2024/12/08 22:28:12 reader.go:126: - Formula: {
    "formula": {
      "string": "TestAAAA",
      "type": "string"
    },
    "id": "FrCx",
    "type": "formula"
  }
[INFO] 2024/12/08 22:28:12 reader.go:126: - URL: {
    "id": "dEJb",
    "type": "url",
    "url": "https://github.com/go-resty/resty"
  }
[INFO] 2024/12/08 22:28:12 reader.go:126: - Text: {
    "id": "sJwa",
    "rich_text": [
      {
        "annotations": {
          "bold": false,
          "code": false,
          "color": "default",
          "italic": false,
          "strikethrough": false,
          "underline": false
        },
        "href": null,
        "plain_text": "asdjkafh",
        "text": {
          "content": "asdjkafh",
          "link": null
        },
        "type": "text"
      }
    ],
    "type": "rich_text"
  }
[INFO] 2024/12/08 22:28:12 reader.go:126: - CreateBy: {
    "created_by": {
      "avatar_url": "https://s3-us-west-2.amazonaws.com/public.notion-static.com/53a527a9-3ef7-4a0f-9dc7-38233c044749/android-chrome-384x384.png",
      "id": "163b2889-45fb-44ca-9a0d-6de2c1d90d17",
      "name": "ukiko",
      "object": "user",
      "person": {
        "email": "sunchengkang@stu.xhu.edu.cn"
      },
      "type": "person"
    },
    "id": "tXgX",
    "type": "created_by"
  }
[INFO] 2024/12/08 22:28:12 reader.go:126: - LastEditedBy: {
    "id": "xoLY",
    "last_edited_by": {
      "avatar_url": "https://s3-us-west-2.amazonaws.com/public.notion-static.com/53a527a9-3ef7-4a0f-9dc7-38233c044749/android-chrome-384x384.png",
      "id": "163b2889-45fb-44ca-9a0d-6de2c1d90d17",
      "name": "ukiko",
      "object": "user",
      "person": {
        "email": "sunchengkang@stu.xhu.edu.cn"
      },
      "type": "person"
    },
    "type": "last_edited_by"
  }
[INFO] 2024/12/08 22:28:12 reader.go:126: - CheckBox: {
    "checkbox": true,
    "id": "F%5Cpw",
    "type": "checkbox"
  }
[INFO] 2024/12/08 22:28:12 reader.go:126: - FilesAndMedia: {
    "files": [
      {
        "file": {
          "expiry_time": "2024-12-08T15:28:11.749Z",
          "url": "https://prod-files-secure.s3.us-west-2.amazonaws.com/9c7f1f5e-be9f-42de-8e14-4ff6785eb454/63b1c589-7627-423c-8a3f-4a40e32c52ca/7914002_142227_1.jpg?X-Amz-Algorithm=AWS4-HMAC-SHA256\u0026X-Amz-Content-Sha256=UNSIGNED-PAYLOAD\u0026X-Amz-Credential=AKIAT73L2G45FSPPWI6X%2F20241208%2Fus-west-2%2Fs3%2Faws4_request\u0026X-Amz-Date=20241208T142811Z\u0026X-Amz-Expires=3600\u0026X-Amz-Signature=fe9ec26a0744fd99baf98d6f779d517553a4727d9d99d87639967d77c1928246\u0026X-Amz-SignedHeaders=host\u0026x-id=GetObject"
        },
        "name": "7914002_142227_1.jpg",
        "type": "file"
      }
    ],
    "id": "Jana",
    "type": "files"
  }
[INFO] 2024/12/08 22:28:12 reader.go:126: - Person: {
    "id": "%5B%60UF",
    "people": [
      {
        "avatar_url": "https://s3-us-west-2.amazonaws.com/public.notion-static.com/53a527a9-3ef7-4a0f-9dc7-38233c044749/android-chrome-384x384.png",
        "id": "163b2889-45fb-44ca-9a0d-6de2c1d90d17",
        "name": "ukiko",
        "object": "user",
        "person": {
          "email": "sunchengkang@stu.xhu.edu.cn"
        },
        "type": "person"
      }
    ],
    "type": "people"
  }
[INFO] 2024/12/08 22:28:12 reader.go:126: - Rollup: {
    "id": "aH%3Dj",
    "rollup": {
      "array": [],
      "function": "show_original",
      "type": "array"
    },
    "type": "rollup"
  }
[INFO] 2024/12/08 22:28:12 reader.go:126: - Number: {
    "id": "%5CcMc",
    "number": 123,
    "type": "number"
  }
[INFO] 2024/12/08 22:28:12 reader.go:126: - Select: {
    "id": "asY%3A",
    "select": null,
    "type": "select"
  }
[INFO] 2024/12/08 22:28:12 reader.go:126: - Phone: {
    "id": "ltMC",
    "phone_number": "15123456789",
    "type": "phone_number"
  }
[INFO] 2024/12/08 22:28:12 reader.go:126: - MultiSelect: {
    "id": "dO_T",
    "multi_select": [
      {
        "color": "blue",
        "id": "MVrL",
        "name": "BBB"
      },
      {
        "color": "green",
        "id": "rN?M",
        "name": "YYY"
      },
      {
        "color": "purple",
        "id": "e8242651-71d3-4718-bb2d-863bc48da862",
        "name": "WWW"
      }
    ],
    "type": "multi_select"
  }
[INFO] 2024/12/08 22:28:12 reader.go:126: - Title: {
    "id": "title",
    "title": [
      {
        "annotations": {
          "bold": false,
          "code": false,
          "color": "default",
          "italic": false,
          "strikethrough": false,
          "underline": false
        },
        "href": null,
        "plain_text": "TestAAAA",
        "text": {
          "content": "TestAAAA",
          "link": null
        },
        "type": "text"
      }
    ],
    "type": "title"
  }
[INFO] 2024/12/08 22:28:12 reader.go:130: 
正在获取页面内容...
[ERROR] 2024/12/08 22:28:12 reader.go:135: 获取页面内容失败: API错误 400: {"object":"error","status":400,"code":"validation_error","message":"body failed validation: body.page_size should be not present, instead was `100`.","request_id":"823e0db0-1f0a-4588-8fac-87bb0a63c812"}
[INFO] 2024/12/08 22:32:38 reader.go:100: 开始运行页面读取示例...
[DEBUG] 2024/12/08 22:32:38 reader.go:110: 已创建 Notion 客户端
[INFO] 2024/12/08 22:32:38 reader.go:113: 正在获取页面信息...
[INFO] 2024/12/08 22:32:39 reader.go:121: 
页面基本信息:
[INFO] 2024/12/08 22:32:39 reader.go:122: - ID: 9a92d669-7251-4c3f-8a34-98b745978d4c
[INFO] 2024/12/08 22:32:39 reader.go:123: - 创建时间: 2021-11-06T16:46:00.000Z
[INFO] 2024/12/08 22:32:39 reader.go:124: - 最后编辑时间: 2023-05-10T17:14:00.000Z
[INFO] 2024/12/08 22:32:39 reader.go:125: - 创建者:  (163b2889-45fb-44ca-9a0d-6de2c1d90d17)
[INFO] 2024/12/08 22:32:39 reader.go:126: - URL: https://www.notion.so/TestAAAA-9a92d66972514c3f8a3498b745978d4c
[INFO] 2024/12/08 22:32:39 reader.go:129: 
页面属性:
[INFO] 2024/12/08 22:32:39 reader.go:132: - Formula: {
    "formula": {
      "string": "TestAAAA",
      "type": "string"
    },
    "id": "FrCx",
    "type": "formula"
  }
[INFO] 2024/12/08 22:32:39 reader.go:132: - FilesAndMedia: {
    "files": [
      {
        "file": {
          "expiry_time": "2024-12-08T15:32:38.764Z",
          "url": "https://prod-files-secure.s3.us-west-2.amazonaws.com/9c7f1f5e-be9f-42de-8e14-4ff6785eb454/63b1c589-7627-423c-8a3f-4a40e32c52ca/7914002_142227_1.jpg?X-Amz-Algorithm=AWS4-HMAC-SHA256\u0026X-Amz-Content-Sha256=UNSIGNED-PAYLOAD\u0026X-Amz-Credential=AKIAT73L2G45FSPPWI6X%2F20241208%2Fus-west-2%2Fs3%2Faws4_request\u0026X-Amz-Date=20241208T143238Z\u0026X-Amz-Expires=3600\u0026X-Amz-Signature=e33bb35c20c637a8584a36682be5a6be86af294f2d9250e5a1350468edbe6081\u0026X-Amz-SignedHeaders=host\u0026x-id=GetObject"
        },
        "name": "7914002_142227_1.jpg",
        "type": "file"
      }
    ],
    "id": "Jana",
    "type": "files"
  }
[INFO] 2024/12/08 22:32:39 reader.go:132: - Person: {
    "id": "%5B%60UF",
    "people": [
      {
        "avatar_url": "https://s3-us-west-2.amazonaws.com/public.notion-static.com/53a527a9-3ef7-4a0f-9dc7-38233c044749/android-chrome-384x384.png",
        "id": "163b2889-45fb-44ca-9a0d-6de2c1d90d17",
        "name": "ukiko",
        "object": "user",
        "person": {
          "email": "sunchengkang@stu.xhu.edu.cn"
        },
        "type": "person"
      }
    ],
    "type": "people"
  }
[INFO] 2024/12/08 22:32:39 reader.go:132: - URL: {
    "id": "dEJb",
    "type": "url",
    "url": "https://github.com/go-resty/resty"
  }
[INFO] 2024/12/08 22:32:39 reader.go:132: - Date: {
    "date": {
      "end": null,
      "start": "2022-05-19",
      "time_zone": null
    },
    "id": "%7BLTT",
    "type": "date"
  }
[INFO] 2024/12/08 22:32:39 reader.go:132: - MultiSelect: {
    "id": "dO_T",
    "multi_select": [
      {
        "color": "blue",
        "id": "MVrL",
        "name": "BBB"
      },
      {
        "color": "green",
        "id": "rN?M",
        "name": "YYY"
      },
      {
        "color": "purple",
        "id": "e8242651-71d3-4718-bb2d-863bc48da862",
        "name": "WWW"
      }
    ],
    "type": "multi_select"
  }
[INFO] 2024/12/08 22:32:39 reader.go:132: - Number: {
    "id": "%5CcMc",
    "number": 123,
    "type": "number"
  }
[INFO] 2024/12/08 22:32:39 reader.go:132: - Rollup: {
    "id": "aH%3Dj",
    "rollup": {
      "array": [],
      "function": "show_original",
      "type": "array"
    },
    "type": "rollup"
  }
[INFO] 2024/12/08 22:32:39 reader.go:132: - Text: {
    "id": "sJwa",
    "rich_text": [
      {
        "annotations": {
          "bold": false,
          "code": false,
          "color": "default",
          "italic": false,
          "strikethrough": false,
          "underline": false
        },
        "href": null,
        "plain_text": "asdjkafh",
        "text": {
          "content": "asdjkafh",
          "link": null
        },
        "type": "text"
      }
    ],
    "type": "rich_text"
  }
[INFO] 2024/12/08 22:32:39 reader.go:132: - LastEditedBy: {
    "id": "xoLY",
    "last_edited_by": {
      "avatar_url": "https://s3-us-west-2.amazonaws.com/public.notion-static.com/53a527a9-3ef7-4a0f-9dc7-38233c044749/android-chrome-384x384.png",
      "id": "163b2889-45fb-44ca-9a0d-6de2c1d90d17",
      "name": "ukiko",
      "object": "user",
      "person": {
        "email": "sunchengkang@stu.xhu.edu.cn"
      },
      "type": "person"
    },
    "type": "last_edited_by"
  }
[INFO] 2024/12/08 22:32:39 reader.go:132: - CheckBox: {
    "checkbox": true,
    "id": "F%5Cpw",
    "type": "checkbox"
  }
[INFO] 2024/12/08 22:32:39 reader.go:132: - Select: {
    "id": "asY%3A",
    "select": null,
    "type": "select"
  }
[INFO] 2024/12/08 22:32:39 reader.go:132: - Phone: {
    "id": "ltMC",
    "phone_number": "15123456789",
    "type": "phone_number"
  }
[INFO] 2024/12/08 22:32:39 reader.go:132: - CreateBy: {
    "created_by": {
      "avatar_url": "https://s3-us-west-2.amazonaws.com/public.notion-static.com/53a527a9-3ef7-4a0f-9dc7-38233c044749/android-chrome-384x384.png",
      "id": "163b2889-45fb-44ca-9a0d-6de2c1d90d17",
      "name": "ukiko",
      "object": "user",
      "person": {
        "email": "sunchengkang@stu.xhu.edu.cn"
      },
      "type": "person"
    },
    "id": "tXgX",
    "type": "created_by"
  }
[INFO] 2024/12/08 22:32:39 reader.go:132: - Relation: {
    "has_more": false,
    "id": "~gbI",
    "relation": [],
    "type": "relation"
  }
[INFO] 2024/12/08 22:32:39 reader.go:132: - Title: {
    "id": "title",
    "title": [
      {
        "annotations": {
          "bold": false,
          "code": false,
          "color": "default",
          "italic": false,
          "strikethrough": false,
          "underline": false
        },
        "href": null,
        "plain_text": "TestAAAA",
        "text": {
          "content": "TestAAAA",
          "link": null
        },
        "type": "text"
      }
    ],
    "type": "title"
  }
[INFO] 2024/12/08 22:32:39 reader.go:136: 
正在获取页面内容...
[ERROR] 2024/12/08 22:32:39 reader.go:139: 获取页面内容失败: API错误 400: {"object":"error","status":400,"code":"invalid_json","message":"Error parsing JSON body."}
[INFO] 2024/12/08 22:32:58 reader.go:100: 开始运行页面读取示例...
[DEBUG] 2024/12/08 22:32:58 reader.go:110: 已创建 Notion 客户端
[INFO] 2024/12/08 22:32:58 reader.go:113: 正在获取页面信息...
[INFO] 2024/12/08 22:33:00 reader.go:121: 
页面基本信息:
[INFO] 2024/12/08 22:33:00 reader.go:122: - ID: 9a92d669-7251-4c3f-8a34-98b745978d4c
[INFO] 2024/12/08 22:33:00 reader.go:123: - 创建时间: 2021-11-06T16:46:00.000Z
[INFO] 2024/12/08 22:33:00 reader.go:124: - 最后编辑时间: 2023-05-10T17:14:00.000Z
[INFO] 2024/12/08 22:33:00 reader.go:125: - 创建者:  (163b2889-45fb-44ca-9a0d-6de2c1d90d17)
[INFO] 2024/12/08 22:33:00 reader.go:126: - URL: https://www.notion.so/TestAAAA-9a92d66972514c3f8a3498b745978d4c
[INFO] 2024/12/08 22:33:00 reader.go:129: 
页面属性:
[INFO] 2024/12/08 22:33:00 reader.go:132: - Number: {
    "id": "%5CcMc",
    "number": 123,
    "type": "number"
  }
[INFO] 2024/12/08 22:33:00 reader.go:132: - Rollup: {
    "id": "aH%3Dj",
    "rollup": {
      "array": [],
      "function": "show_original",
      "type": "array"
    },
    "type": "rollup"
  }
[INFO] 2024/12/08 22:33:00 reader.go:132: - Text: {
    "id": "sJwa",
    "rich_text": [
      {
        "annotations": {
          "bold": false,
          "code": false,
          "color": "default",
          "italic": false,
          "strikethrough": false,
          "underline": false
        },
        "href": null,
        "plain_text": "asdjkafh",
        "text": {
          "content": "asdjkafh",
          "link": null
        },
        "type": "text"
      }
    ],
    "type": "rich_text"
  }
[INFO] 2024/12/08 22:33:00 reader.go:132: - CheckBox: {
    "checkbox": true,
    "id": "F%5Cpw",
    "type": "checkbox"
  }
[INFO] 2024/12/08 22:33:00 reader.go:132: - Person: {
    "id": "%5B%60UF",
    "people": [
      {
        "avatar_url": "https://s3-us-west-2.amazonaws.com/public.notion-static.com/53a527a9-3ef7-4a0f-9dc7-38233c044749/android-chrome-384x384.png",
        "id": "163b2889-45fb-44ca-9a0d-6de2c1d90d17",
        "name": "ukiko",
        "object": "user",
        "person": {
          "email": "sunchengkang@stu.xhu.edu.cn"
        },
        "type": "person"
      }
    ],
    "type": "people"
  }
[INFO] 2024/12/08 22:33:00 reader.go:132: - FilesAndMedia: {
    "files": [
      {
        "file": {
          "expiry_time": "2024-12-08T15:32:59.381Z",
          "url": "https://prod-files-secure.s3.us-west-2.amazonaws.com/9c7f1f5e-be9f-42de-8e14-4ff6785eb454/63b1c589-7627-423c-8a3f-4a40e32c52ca/7914002_142227_1.jpg?X-Amz-Algorithm=AWS4-HMAC-SHA256\u0026X-Amz-Content-Sha256=UNSIGNED-PAYLOAD\u0026X-Amz-Credential=AKIAT73L2G45FSPPWI6X%2F20241208%2Fus-west-2%2Fs3%2Faws4_request\u0026X-Amz-Date=20241208T143259Z\u0026X-Amz-Expires=3600\u0026X-Amz-Signature=ab7c7f7ac7cf0f1a233517948dda4258c72cc396638c4edd21132f9786285555\u0026X-Amz-SignedHeaders=host\u0026x-id=GetObject"
        },
        "name": "7914002_142227_1.jpg",
        "type": "file"
      }
    ],
    "id": "Jana",
    "type": "files"
  }
[INFO] 2024/12/08 22:33:00 reader.go:132: - MultiSelect: {
    "id": "dO_T",
    "multi_select": [
      {
        "color": "blue",
        "id": "MVrL",
        "name": "BBB"
      },
      {
        "color": "green",
        "id": "rN?M",
        "name": "YYY"
      },
      {
        "color": "purple",
        "id": "e8242651-71d3-4718-bb2d-863bc48da862",
        "name": "WWW"
      }
    ],
    "type": "multi_select"
  }
[INFO] 2024/12/08 22:33:00 reader.go:132: - Title: {
    "id": "title",
    "title": [
      {
        "annotations": {
          "bold": false,
          "code": false,
          "color": "default",
          "italic": false,
          "strikethrough": false,
          "underline": false
        },
        "href": null,
        "plain_text": "TestAAAA",
        "text": {
          "content": "TestAAAA",
          "link": null
        },
        "type": "text"
      }
    ],
    "type": "title"
  }
[INFO] 2024/12/08 22:33:00 reader.go:132: - Phone: {
    "id": "ltMC",
    "phone_number": "15123456789",
    "type": "phone_number"
  }
[INFO] 2024/12/08 22:33:00 reader.go:132: - Relation: {
    "has_more": false,
    "id": "~gbI",
    "relation": [],
    "type": "relation"
  }
[INFO] 2024/12/08 22:33:00 reader.go:132: - URL: {
    "id": "dEJb",
    "type": "url",
    "url": "https://github.com/go-resty/resty"
  }
[INFO] 2024/12/08 22:33:00 reader.go:132: - CreateBy: {
    "created_by": {
      "avatar_url": "https://s3-us-west-2.amazonaws.com/public.notion-static.com/53a527a9-3ef7-4a0f-9dc7-38233c044749/android-chrome-384x384.png",
      "id": "163b2889-45fb-44ca-9a0d-6de2c1d90d17",
      "name": "ukiko",
      "object": "user",
      "person": {
        "email": "sunchengkang@stu.xhu.edu.cn"
      },
      "type": "person"
    },
    "id": "tXgX",
    "type": "created_by"
  }
[INFO] 2024/12/08 22:33:00 reader.go:132: - LastEditedBy: {
    "id": "xoLY",
    "last_edited_by": {
      "avatar_url": "https://s3-us-west-2.amazonaws.com/public.notion-static.com/53a527a9-3ef7-4a0f-9dc7-38233c044749/android-chrome-384x384.png",
      "id": "163b2889-45fb-44ca-9a0d-6de2c1d90d17",
      "name": "ukiko",
      "object": "user",
      "person": {
        "email": "sunchengkang@stu.xhu.edu.cn"
      },
      "type": "person"
    },
    "type": "last_edited_by"
  }
[INFO] 2024/12/08 22:33:00 reader.go:132: - Date: {
    "date": {
      "end": null,
      "start": "2022-05-19",
      "time_zone": null
    },
    "id": "%7BLTT",
    "type": "date"
  }
[INFO] 2024/12/08 22:33:00 reader.go:132: - Formula: {
    "formula": {
      "string": "TestAAAA",
      "type": "string"
    },
    "id": "FrCx",
    "type": "formula"
  }
[INFO] 2024/12/08 22:33:00 reader.go:132: - Select: {
    "id": "asY%3A",
    "select": null,
    "type": "select"
  }
[INFO] 2024/12/08 22:33:00 reader.go:136: 
正在获取页面内容...
[INFO] 2024/12/08 22:33:02 reader.go:144: 
页面内容 (共 0 个块):
[INFO] 2024/12/08 22:33:02 reader.go:240: 
页面读取示例运行完成
[INFO] 2024/12/08 22:33:29 reader.go:100: 开始运行页面读取示例...
[DEBUG] 2024/12/08 22:33:29 reader.go:110: 已创建 Notion 客户端
[INFO] 2024/12/08 22:33:29 reader.go:113: 正在获取页面信息...
[INFO] 2024/12/08 22:33:32 reader.go:121: 
页面基本信息:
[INFO] 2024/12/08 22:33:32 reader.go:122: - ID: 9a92d669-7251-4c3f-8a34-98b745978d4c
[INFO] 2024/12/08 22:33:32 reader.go:123: - 创建时间: 2021-11-06T16:46:00.000Z
[INFO] 2024/12/08 22:33:32 reader.go:124: - 最后编辑时间: 2023-05-10T17:14:00.000Z
[INFO] 2024/12/08 22:33:32 reader.go:125: - 创建者:  (163b2889-45fb-44ca-9a0d-6de2c1d90d17)
[INFO] 2024/12/08 22:33:32 reader.go:126: - URL: https://www.notion.so/TestAAAA-9a92d66972514c3f8a3498b745978d4c
[INFO] 2024/12/08 22:33:32 reader.go:129: 
页面属性:
[INFO] 2024/12/08 22:33:32 reader.go:132: - FilesAndMedia: {
    "files": [
      {
        "file": {
          "expiry_time": "2024-12-08T15:33:31.837Z",
          "url": "https://prod-files-secure.s3.us-west-2.amazonaws.com/9c7f1f5e-be9f-42de-8e14-4ff6785eb454/63b1c589-7627-423c-8a3f-4a40e32c52ca/7914002_142227_1.jpg?X-Amz-Algorithm=AWS4-HMAC-SHA256\u0026X-Amz-Content-Sha256=UNSIGNED-PAYLOAD\u0026X-Amz-Credential=AKIAT73L2G45FSPPWI6X%2F20241208%2Fus-west-2%2Fs3%2Faws4_request\u0026X-Amz-Date=20241208T143331Z\u0026X-Amz-Expires=3600\u0026X-Amz-Signature=e900ed7af4660e55ddbe06c77a30de65334afabac60685001559649cbd3f7b2a\u0026X-Amz-SignedHeaders=host\u0026x-id=GetObject"
        },
        "name": "7914002_142227_1.jpg",
        "type": "file"
      }
    ],
    "id": "Jana",
    "type": "files"
  }
[INFO] 2024/12/08 22:33:32 reader.go:132: - Select: {
    "id": "asY%3A",
    "select": null,
    "type": "select"
  }
[INFO] 2024/12/08 22:33:32 reader.go:132: - LastEditedBy: {
    "id": "xoLY",
    "last_edited_by": {
      "avatar_url": "https://s3-us-west-2.amazonaws.com/public.notion-static.com/53a527a9-3ef7-4a0f-9dc7-38233c044749/android-chrome-384x384.png",
      "id": "163b2889-45fb-44ca-9a0d-6de2c1d90d17",
      "name": "ukiko",
      "object": "user",
      "person": {
        "email": "sunchengkang@stu.xhu.edu.cn"
      },
      "type": "person"
    },
    "type": "last_edited_by"
  }
[INFO] 2024/12/08 22:33:32 reader.go:132: - Relation: {
    "has_more": false,
    "id": "~gbI",
    "relation": [],
    "type": "relation"
  }
[INFO] 2024/12/08 22:33:32 reader.go:132: - Title: {
    "id": "title",
    "title": [
      {
        "annotations": {
          "bold": false,
          "code": false,
          "color": "default",
          "italic": false,
          "strikethrough": false,
          "underline": false
        },
        "href": null,
        "plain_text": "TestAAAA",
        "text": {
          "content": "TestAAAA",
          "link": null
        },
        "type": "text"
      }
    ],
    "type": "title"
  }
[INFO] 2024/12/08 22:33:32 reader.go:132: - Person: {
    "id": "%5B%60UF",
    "people": [
      {
        "avatar_url": "https://s3-us-west-2.amazonaws.com/public.notion-static.com/53a527a9-3ef7-4a0f-9dc7-38233c044749/android-chrome-384x384.png",
        "id": "163b2889-45fb-44ca-9a0d-6de2c1d90d17",
        "name": "ukiko",
        "object": "user",
        "person": {
          "email": "sunchengkang@stu.xhu.edu.cn"
        },
        "type": "person"
      }
    ],
    "type": "people"
  }
[INFO] 2024/12/08 22:33:32 reader.go:132: - Rollup: {
    "id": "aH%3Dj",
    "rollup": {
      "array": [],
      "function": "show_original",
      "type": "array"
    },
    "type": "rollup"
  }
[INFO] 2024/12/08 22:33:32 reader.go:132: - Phone: {
    "id": "ltMC",
    "phone_number": "15123456789",
    "type": "phone_number"
  }
[INFO] 2024/12/08 22:33:32 reader.go:132: - Text: {
    "id": "sJwa",
    "rich_text": [
      {
        "annotations": {
          "bold": false,
          "code": false,
          "color": "default",
          "italic": false,
          "strikethrough": false,
          "underline": false
        },
        "href": null,
        "plain_text": "asdjkafh",
        "text": {
          "content": "asdjkafh",
          "link": null
        },
        "type": "text"
      }
    ],
    "type": "rich_text"
  }
[INFO] 2024/12/08 22:33:32 reader.go:132: - Date: {
    "date": {
      "end": null,
      "start": "2022-05-19",
      "time_zone": null
    },
    "id": "%7BLTT",
    "type": "date"
  }
[INFO] 2024/12/08 22:33:32 reader.go:132: - CheckBox: {
    "checkbox": true,
    "id": "F%5Cpw",
    "type": "checkbox"
  }
[INFO] 2024/12/08 22:33:32 reader.go:132: - Number: {
    "id": "%5CcMc",
    "number": 123,
    "type": "number"
  }
[INFO] 2024/12/08 22:33:32 reader.go:132: - MultiSelect: {
    "id": "dO_T",
    "multi_select": [
      {
        "color": "blue",
        "id": "MVrL",
        "name": "BBB"
      },
      {
        "color": "green",
        "id": "rN?M",
        "name": "YYY"
      },
      {
        "color": "purple",
        "id": "e8242651-71d3-4718-bb2d-863bc48da862",
        "name": "WWW"
      }
    ],
    "type": "multi_select"
  }
[INFO] 2024/12/08 22:33:32 reader.go:132: - CreateBy: {
    "created_by": {
      "avatar_url": "https://s3-us-west-2.amazonaws.com/public.notion-static.com/53a527a9-3ef7-4a0f-9dc7-38233c044749/android-chrome-384x384.png",
      "id": "163b2889-45fb-44ca-9a0d-6de2c1d90d17",
      "name": "ukiko",
      "object": "user",
      "person": {
        "email": "sunchengkang@stu.xhu.edu.cn"
      },
      "type": "person"
    },
    "id": "tXgX",
    "type": "created_by"
  }
[INFO] 2024/12/08 22:33:32 reader.go:132: - Formula: {
    "formula": {
      "string": "TestAAAA",
      "type": "string"
    },
    "id": "FrCx",
    "type": "formula"
  }
[INFO] 2024/12/08 22:33:32 reader.go:132: - URL: {
    "id": "dEJb",
    "type": "url",
    "url": "https://github.com/go-resty/resty"
  }
[INFO] 2024/12/08 22:33:32 reader.go:136: 
正在获取页面内容...
[INFO] 2024/12/08 22:33:34 reader.go:144: 
页面内容 (共 0 个块):
[INFO] 2024/12/08 22:33:34 reader.go:240: 
页面读取示例运行完成
[INFO] 2024/12/08 22:44:26 reader.go:100: 开始运行页面读取示例...
[DEBUG] 2024/12/08 22:44:26 reader.go:110: 已创建 Notion 客户端
[INFO] 2024/12/08 22:44:26 reader.go:113: 正在获取页面信息...
[ERROR] 2024/12/08 22:44:26 reader.go:116: 获取页面失败: 发送请求失败: HostClient can't follow redirects to a different protocol, please use Client instead
[INFO] 2024/12/08 22:44:44 reader.go:13: 开始运行数据库读取示例...
[DEBUG] 2024/12/08 22:44:44 reader.go:27: 已创建 Notion 客户端
[INFO] 2024/12/08 22:44:44 reader.go:30: 正在获取数据库信息...
[DEBUG] 2024/12/08 22:44:44 reader.go:31: 数据库 ID: 14acc4eb33a24554a9224b2eafb61140
[ERROR] 2024/12/08 22:44:44 reader.go:34: 获取数据库失败: 发送请求失败: HostClient can't follow redirects to a different protocol, please use Client instead
[INFO] 2024/12/08 22:45:47 reader.go:13: 开始运行数据库读取示例...
[DEBUG] 2024/12/08 22:45:47 reader.go:27: 已创建 Notion 客户端
[INFO] 2024/12/08 22:45:47 reader.go:30: 正在获取数据库信息...
[DEBUG] 2024/12/08 22:45:47 reader.go:31: 数据库 ID: 14acc4eb33a24554a9224b2eafb61140
[INFO] 2024/12/08 22:45:49 reader.go:39: 数据库基本信息:
[INFO] 2024/12/08 22:45:49 reader.go:40: - ID: 14acc4eb-33a2-4554-a922-4b2eafb61140
[INFO] 2024/12/08 22:45:49 reader.go:41: - 创建时间: 2023-05-05T16:02:00.000Z
[INFO] 2024/12/08 22:45:49 reader.go:42: - 最后编辑时间: 2024-12-08T11:15:00.000Z
[INFO] 2024/12/08 22:45:49 reader.go:43: - 创建者:  (163b2889-45fb-44ca-9a0d-6de2c1d90d17)
[INFO] 2024/12/08 22:45:49 reader.go:44: - URL: https://www.notion.so/14acc4eb33a24554a9224b2eafb61140
[INFO] 2024/12/08 22:45:49 reader.go:52: - 标题: ykiko.top
[INFO] 2024/12/08 22:45:49 reader.go:56: 
数据库属性:
[INFO] 2024/12/08 22:45:49 reader.go:59: - author: {
    "id": "AEpt",
    "type": "people",
    "name": "author",
    "people": {}
  }
[INFO] 2024/12/08 22:45:49 reader.go:59: - categories: {
    "id": "FzFo",
    "type": "multi_select",
    "name": "categories",
    "multi_select": {
      "options": [
        {
          "name": "基础原理",
          "color": "orange"
        },
        {
          "name": "安全开发",
          "color": "brown"
        },
        {
          "name": "车联网安全",
          "color": "blue"
        },
        {
          "name": "密码学",
          "color": "gray"
        },
        {
          "name": "读书笔记",
          "color": "green"
        },
        {
          "name": "移动安全",
          "color": "yellow"
        },
        {
          "name": "杂项",
          "color": "pink"
        },
        {
          "name": "二进制安全",
          "color": "default"
        },
        {
          "name": "IoT安全",
          "color": "purple"
        },
        {
          "name": "工具",
          "color": "red"
        },
        {
          "name": "Fuzzing",
          "color": "default"
        },
        {
          "name": "AI",
          "color": "gray"
        }
      ]
    }
  }
[INFO] 2024/12/08 22:45:49 reader.go:59: - description: {
    "id": "hp%3B%5D",
    "type": "rich_text",
    "name": "description",
    "rich_text": {}
  }
[INFO] 2024/12/08 22:45:49 reader.go:59: - tags: {
    "id": "pF%3Bz",
    "type": "multi_select",
    "name": "tags",
    "multi_select": {
      "options": [
        {
          "name": "密码学",
          "color": "red"
        },
        {
          "name": "Crypto",
          "color": "default"
        },
        {
          "name": "CVE",
          "color": "pink"
        },
        {
          "name": "Android",
          "color": "brown"
        },
        {
          "name": "读书笔记",
          "color": "blue"
        },
        {
          "name": "Hook",
          "color": "green"
        },
        {
          "name": "杂项",
          "color": "orange"
        },
        {
          "name": "PWN",
          "color": "yellow"
        },
        {
          "name": "原理",
          "color": "yellow"
        },
        {
          "name": "基础",
          "color": "gray"
        },
        {
          "name": "UAF",
          "color": "yellow"
        },
        {
          "name": "OOB",
          "color": "default"
        },
        {
          "name": "ASM",
          "color": "purple"
        },
        {
          "name": "jemalloc",
          "color": "pink"
        },
        {
          "name": "ARM",
          "color": "blue"
        },
        {
          "name": "AFL",
          "color": "default"
        },
        {
          "name": "Fuzzing",
          "color": "orange"
        },
        {
          "name": "IDA",
          "color": "brown"
        },
        {
          "name": "Java",
          "color": "default"
        },
        {
          "name": "工具",
          "color": "green"
        },
        {
          "name": "虚拟机",
          "color": "gray"
        },
        {
          "name": "OLLVM",
          "color": "default"
        },
        {
          "name": "逆向",
          "color": "green"
        },
        {
          "name": "AI",
          "color": "orange"
        },
        {
          "name": "pytorch",
          "color": "blue"
        },
        {
          "name": "GDB",
          "color": "red"
        },
        {
          "name": "qemu",
          "color": "purple"
        },
        {
          "name": "Linux",
          "color": "green"
        },
        {
          "name": "r2",
          "color": "green"
        },
        {
          "name": "RaspberryPI",
          "color": "yellow"
        },
        {
          "name": "ROP",
          "color": "default"
        },
        {
          "name": "Syzkaller",
          "color": "red"
        },
        {
          "name": "Unicorn",
          "color": "purple"
        },
        {
          "name": "WSL2",
          "color": "red"
        },
        {
          "name": "KVM",
          "color": "brown"
        },
        {
          "name": "编译原理",
          "color": "brown"
        },
        {
          "name": "Windows",
          "color": "gray"
        },
        {
          "name": "调试",
          "color": "orange"
        },
        {
          "name": "hugo",
          "color": "yellow"
        },
        {
          "name": "notion",
          "color": "purple"
        },
        {
          "name": "总结",
          "color": "orange"
        },
        {
          "name": "Unidbg",
          "color": "brown"
        },
        {
          "name": "软路由",
          "color": "red"
        }
      ]
    }
  }
[INFO] 2024/12/08 22:45:49 reader.go:59: - date: {
    "id": "rCTY",
    "type": "date",
    "name": "date",
    "date": {}
  }
[INFO] 2024/12/08 22:45:49 reader.go:59: - draft: {
    "id": "wwVt",
    "type": "checkbox",
    "name": "draft",
    "checkbox": {}
  }
[INFO] 2024/12/08 22:45:49 reader.go:59: - title: {
    "id": "title",
    "type": "title",
    "name": "title",
    "title": {}
  }
[INFO] 2024/12/08 22:45:49 reader.go:63: 
正在查询数据库内容...
[INFO] 2024/12/08 22:45:51 reader.go:77: 
数据库记录 (共 56 条):
[INFO] 2024/12/08 22:45:51 reader.go:95: 
数据库读取示例运行完成
[INFO] 2024/12/08 22:46:13 reader.go:100: 开始运行页面读取示例...
[DEBUG] 2024/12/08 22:46:13 reader.go:110: 已创建 Notion 客户端
[INFO] 2024/12/08 22:46:13 reader.go:113: 正在获取页面信息...
[INFO] 2024/12/08 22:46:18 reader.go:121: 
页面基本信息:
[INFO] 2024/12/08 22:46:18 reader.go:122: - ID: 9a92d669-7251-4c3f-8a34-98b745978d4c
[INFO] 2024/12/08 22:46:18 reader.go:123: - 创建时间: 2021-11-06T16:46:00.000Z
[INFO] 2024/12/08 22:46:18 reader.go:124: - 最后编辑时间: 2023-05-10T17:14:00.000Z
[INFO] 2024/12/08 22:46:18 reader.go:125: - 创建者:  (163b2889-45fb-44ca-9a0d-6de2c1d90d17)
[INFO] 2024/12/08 22:46:18 reader.go:126: - URL: https://www.notion.so/TestAAAA-9a92d66972514c3f8a3498b745978d4c
[INFO] 2024/12/08 22:46:18 reader.go:129: 
页面属性:
[INFO] 2024/12/08 22:46:18 reader.go:132: - LastEditedBy: {
    "id": "xoLY",
    "last_edited_by": {
      "avatar_url": "https://s3-us-west-2.amazonaws.com/public.notion-static.com/53a527a9-3ef7-4a0f-9dc7-38233c044749/android-chrome-384x384.png",
      "id": "163b2889-45fb-44ca-9a0d-6de2c1d90d17",
      "name": "ukiko",
      "object": "user",
      "person": {
        "email": "sunchengkang@stu.xhu.edu.cn"
      },
      "type": "person"
    },
    "type": "last_edited_by"
  }
[INFO] 2024/12/08 22:46:18 reader.go:132: - Select: {
    "id": "asY%3A",
    "select": null,
    "type": "select"
  }
[INFO] 2024/12/08 22:46:18 reader.go:132: - CreateBy: {
    "created_by": {
      "avatar_url": "https://s3-us-west-2.amazonaws.com/public.notion-static.com/53a527a9-3ef7-4a0f-9dc7-38233c044749/android-chrome-384x384.png",
      "id": "163b2889-45fb-44ca-9a0d-6de2c1d90d17",
      "name": "ukiko",
      "object": "user",
      "person": {
        "email": "sunchengkang@stu.xhu.edu.cn"
      },
      "type": "person"
    },
    "id": "tXgX",
    "type": "created_by"
  }
[INFO] 2024/12/08 22:46:18 reader.go:132: - CheckBox: {
    "checkbox": true,
    "id": "F%5Cpw",
    "type": "checkbox"
  }
[INFO] 2024/12/08 22:46:18 reader.go:132: - Title: {
    "id": "title",
    "title": [
      {
        "annotations": {
          "bold": false,
          "code": false,
          "color": "default",
          "italic": false,
          "strikethrough": false,
          "underline": false
        },
        "href": null,
        "plain_text": "TestAAAA",
        "text": {
          "content": "TestAAAA",
          "link": null
        },
        "type": "text"
      }
    ],
    "type": "title"
  }
[INFO] 2024/12/08 22:46:18 reader.go:132: - Relation: {
    "has_more": false,
    "id": "~gbI",
    "relation": [],
    "type": "relation"
  }
[INFO] 2024/12/08 22:46:18 reader.go:132: - Text: {
    "id": "sJwa",
    "rich_text": [
      {
        "annotations": {
          "bold": false,
          "code": false,
          "color": "default",
          "italic": false,
          "strikethrough": false,
          "underline": false
        },
        "href": null,
        "plain_text": "asdjkafh",
        "text": {
          "content": "asdjkafh",
          "link": null
        },
        "type": "text"
      }
    ],
    "type": "rich_text"
  }
[INFO] 2024/12/08 22:46:18 reader.go:132: - Date: {
    "date": {
      "end": null,
      "start": "2022-05-19",
      "time_zone": null
    },
    "id": "%7BLTT",
    "type": "date"
  }
[INFO] 2024/12/08 22:46:18 reader.go:132: - Person: {
    "id": "%5B%60UF",
    "people": [
      {
        "avatar_url": "https://s3-us-west-2.amazonaws.com/public.notion-static.com/53a527a9-3ef7-4a0f-9dc7-38233c044749/android-chrome-384x384.png",
        "id": "163b2889-45fb-44ca-9a0d-6de2c1d90d17",
        "name": "ukiko",
        "object": "user",
        "person": {
          "email": "sunchengkang@stu.xhu.edu.cn"
        },
        "type": "person"
      }
    ],
    "type": "people"
  }
[INFO] 2024/12/08 22:46:18 reader.go:132: - Number: {
    "id": "%5CcMc",
    "number": 123,
    "type": "number"
  }
[INFO] 2024/12/08 22:46:18 reader.go:132: - Rollup: {
    "id": "aH%3Dj",
    "rollup": {
      "array": [],
      "function": "show_original",
      "type": "array"
    },
    "type": "rollup"
  }
[INFO] 2024/12/08 22:46:18 reader.go:132: - URL: {
    "id": "dEJb",
    "type": "url",
    "url": "https://github.com/go-resty/resty"
  }
[INFO] 2024/12/08 22:46:18 reader.go:132: - MultiSelect: {
    "id": "dO_T",
    "multi_select": [
      {
        "color": "blue",
        "id": "MVrL",
        "name": "BBB"
      },
      {
        "color": "green",
        "id": "rN?M",
        "name": "YYY"
      },
      {
        "color": "purple",
        "id": "e8242651-71d3-4718-bb2d-863bc48da862",
        "name": "WWW"
      }
    ],
    "type": "multi_select"
  }
[INFO] 2024/12/08 22:46:18 reader.go:132: - Phone: {
    "id": "ltMC",
    "phone_number": "15123456789",
    "type": "phone_number"
  }
[INFO] 2024/12/08 22:46:18 reader.go:132: - Formula: {
    "formula": {
      "string": "TestAAAA",
      "type": "string"
    },
    "id": "FrCx",
    "type": "formula"
  }
[INFO] 2024/12/08 22:46:18 reader.go:132: - FilesAndMedia: {
    "files": [
      {
        "file": {
          "expiry_time": "2024-12-08T15:46:17.742Z",
          "url": "https://prod-files-secure.s3.us-west-2.amazonaws.com/9c7f1f5e-be9f-42de-8e14-4ff6785eb454/63b1c589-7627-423c-8a3f-4a40e32c52ca/7914002_142227_1.jpg?X-Amz-Algorithm=AWS4-HMAC-SHA256\u0026X-Amz-Content-Sha256=UNSIGNED-PAYLOAD\u0026X-Amz-Credential=AKIAT73L2G45FSPPWI6X%2F20241208%2Fus-west-2%2Fs3%2Faws4_request\u0026X-Amz-Date=20241208T144617Z\u0026X-Amz-Expires=3600\u0026X-Amz-Signature=4bf78f5f35ab58b297d614c2b61afc6dc34fa2bffde47f154e7d6bf1e43c4cf8\u0026X-Amz-SignedHeaders=host\u0026x-id=GetObject"
        },
        "name": "7914002_142227_1.jpg",
        "type": "file"
      }
    ],
    "id": "Jana",
    "type": "files"
  }
[INFO] 2024/12/08 22:46:18 reader.go:136: 
正在获取页面内容...
[INFO] 2024/12/08 22:46:19 reader.go:144: 
页面内容 (共 0 个块):
[INFO] 2024/12/08 22:46:19 reader.go:240: 
页面读取示例运行完成
[INFO] 2024/12/08 22:46:37 reader.go:100: 开始运行页面读取示例...
[DEBUG] 2024/12/08 22:46:37 reader.go:110: 已创建 Notion 客户端
[INFO] 2024/12/08 22:46:37 reader.go:113: 正在获取页面信息...
[INFO] 2024/12/08 22:46:38 reader.go:121: 
页面基本信息:
[INFO] 2024/12/08 22:46:38 reader.go:122: - ID: 9a92d669-7251-4c3f-8a34-98b745978d4c
[INFO] 2024/12/08 22:46:38 reader.go:123: - 创建时间: 2021-11-06T16:46:00.000Z
[INFO] 2024/12/08 22:46:38 reader.go:124: - 最后编辑时间: 2023-05-10T17:14:00.000Z
[INFO] 2024/12/08 22:46:38 reader.go:125: - 创建者:  (163b2889-45fb-44ca-9a0d-6de2c1d90d17)
[INFO] 2024/12/08 22:46:38 reader.go:126: - URL: https://www.notion.so/TestAAAA-9a92d66972514c3f8a3498b745978d4c
[INFO] 2024/12/08 22:46:38 reader.go:129: 
页面属性:
[INFO] 2024/12/08 22:46:38 reader.go:132: - Person: {
    "id": "%5B%60UF",
    "people": [
      {
        "avatar_url": "https://s3-us-west-2.amazonaws.com/public.notion-static.com/53a527a9-3ef7-4a0f-9dc7-38233c044749/android-chrome-384x384.png",
        "id": "163b2889-45fb-44ca-9a0d-6de2c1d90d17",
        "name": "ukiko",
        "object": "user",
        "person": {
          "email": "sunchengkang@stu.xhu.edu.cn"
        },
        "type": "person"
      }
    ],
    "type": "people"
  }
[INFO] 2024/12/08 22:46:38 reader.go:132: - Select: {
    "id": "asY%3A",
    "select": null,
    "type": "select"
  }
[INFO] 2024/12/08 22:46:38 reader.go:132: - Text: {
    "id": "sJwa",
    "rich_text": [
      {
        "annotations": {
          "bold": false,
          "code": false,
          "color": "default",
          "italic": false,
          "strikethrough": false,
          "underline": false
        },
        "href": null,
        "plain_text": "asdjkafh",
        "text": {
          "content": "asdjkafh",
          "link": null
        },
        "type": "text"
      }
    ],
    "type": "rich_text"
  }
[INFO] 2024/12/08 22:46:38 reader.go:132: - LastEditedBy: {
    "id": "xoLY",
    "last_edited_by": {
      "avatar_url": "https://s3-us-west-2.amazonaws.com/public.notion-static.com/53a527a9-3ef7-4a0f-9dc7-38233c044749/android-chrome-384x384.png",
      "id": "163b2889-45fb-44ca-9a0d-6de2c1d90d17",
      "name": "ukiko",
      "object": "user",
      "person": {
        "email": "sunchengkang@stu.xhu.edu.cn"
      },
      "type": "person"
    },
    "type": "last_edited_by"
  }
[INFO] 2024/12/08 22:46:38 reader.go:132: - Title: {
    "id": "title",
    "title": [
      {
        "annotations": {
          "bold": false,
          "code": false,
          "color": "default",
          "italic": false,
          "strikethrough": false,
          "underline": false
        },
        "href": null,
        "plain_text": "TestAAAA",
        "text": {
          "content": "TestAAAA",
          "link": null
        },
        "type": "text"
      }
    ],
    "type": "title"
  }
[INFO] 2024/12/08 22:46:38 reader.go:132: - Rollup: {
    "id": "aH%3Dj",
    "rollup": {
      "array": [],
      "function": "show_original",
      "type": "array"
    },
    "type": "rollup"
  }
[INFO] 2024/12/08 22:46:38 reader.go:132: - URL: {
    "id": "dEJb",
    "type": "url",
    "url": "https://github.com/go-resty/resty"
  }
[INFO] 2024/12/08 22:46:38 reader.go:132: - Formula: {
    "formula": {
      "string": "TestAAAA",
      "type": "string"
    },
    "id": "FrCx",
    "type": "formula"
  }
[INFO] 2024/12/08 22:46:38 reader.go:132: - FilesAndMedia: {
    "files": [
      {
        "file": {
          "expiry_time": "2024-12-08T15:46:37.899Z",
          "url": "https://prod-files-secure.s3.us-west-2.amazonaws.com/9c7f1f5e-be9f-42de-8e14-4ff6785eb454/63b1c589-7627-423c-8a3f-4a40e32c52ca/7914002_142227_1.jpg?X-Amz-Algorithm=AWS4-HMAC-SHA256\u0026X-Amz-Content-Sha256=UNSIGNED-PAYLOAD\u0026X-Amz-Credential=AKIAT73L2G45FSPPWI6X%2F20241208%2Fus-west-2%2Fs3%2Faws4_request\u0026X-Amz-Date=20241208T144637Z\u0026X-Amz-Expires=3600\u0026X-Amz-Signature=daca74f2bbda9bf2fe0d3d3936315939197e4afb07bc0b6ff309239b833aa432\u0026X-Amz-SignedHeaders=host\u0026x-id=GetObject"
        },
        "name": "7914002_142227_1.jpg",
        "type": "file"
      }
    ],
    "id": "Jana",
    "type": "files"
  }
[INFO] 2024/12/08 22:46:38 reader.go:132: - CreateBy: {
    "created_by": {
      "avatar_url": "https://s3-us-west-2.amazonaws.com/public.notion-static.com/53a527a9-3ef7-4a0f-9dc7-38233c044749/android-chrome-384x384.png",
      "id": "163b2889-45fb-44ca-9a0d-6de2c1d90d17",
      "name": "ukiko",
      "object": "user",
      "person": {
        "email": "sunchengkang@stu.xhu.edu.cn"
      },
      "type": "person"
    },
    "id": "tXgX",
    "type": "created_by"
  }
[INFO] 2024/12/08 22:46:38 reader.go:132: - Relation: {
    "has_more": false,
    "id": "~gbI",
    "relation": [],
    "type": "relation"
  }
[INFO] 2024/12/08 22:46:38 reader.go:132: - CheckBox: {
    "checkbox": true,
    "id": "F%5Cpw",
    "type": "checkbox"
  }
[INFO] 2024/12/08 22:46:38 reader.go:132: - Number: {
    "id": "%5CcMc",
    "number": 123,
    "type": "number"
  }
[INFO] 2024/12/08 22:46:38 reader.go:132: - MultiSelect: {
    "id": "dO_T",
    "multi_select": [
      {
        "color": "blue",
        "id": "MVrL",
        "name": "BBB"
      },
      {
        "color": "green",
        "id": "rN?M",
        "name": "YYY"
      },
      {
        "color": "purple",
        "id": "e8242651-71d3-4718-bb2d-863bc48da862",
        "name": "WWW"
      }
    ],
    "type": "multi_select"
  }
[INFO] 2024/12/08 22:46:38 reader.go:132: - Phone: {
    "id": "ltMC",
    "phone_number": "15123456789",
    "type": "phone_number"
  }
[INFO] 2024/12/08 22:46:38 reader.go:132: - Date: {
    "date": {
      "end": null,
      "start": "2022-05-19",
      "time_zone": null
    },
    "id": "%7BLTT",
    "type": "date"
  }
[INFO] 2024/12/08 22:46:38 reader.go:136: 
正在获取页面内容...
[INFO] 2024/12/08 22:46:40 reader.go:144: 
页面内容 (共 0 个块):
[INFO] 2024/12/08 22:46:40 reader.go:240: 
页面读取示例运行完成
